Determining if the pthread_create exist failed with the following output:
Change Dir: /home/wbarnhart/gr-gmuground/build/CMakeFiles/CMakeTmp

Run Build Command:"/usr/bin/make" "cmTC_19e2a/fast"
/usr/bin/make -f CMakeFiles/cmTC_19e2a.dir/build.make CMakeFiles/cmTC_19e2a.dir/build
make[1]: Entering directory '/home/wbarnhart/gr-gmuground/build/CMakeFiles/CMakeTmp'
Building C object CMakeFiles/cmTC_19e2a.dir/CheckSymbolExists.c.o
/usr/bin/cc   -std=gnu11 -o CMakeFiles/cmTC_19e2a.dir/CheckSymbolExists.c.o   -c /home/wbarnhart/gr-gmuground/build/CMakeFiles/CMakeTmp/CheckSymbolExists.c
Linking C executable cmTC_19e2a
/usr/bin/cmake -E cmake_link_script CMakeFiles/cmTC_19e2a.dir/link.txt --verbose=1
/usr/bin/cc      CMakeFiles/cmTC_19e2a.dir/CheckSymbolExists.c.o  -o cmTC_19e2a 
CMakeFiles/cmTC_19e2a.dir/CheckSymbolExists.c.o: In function `main':
CheckSymbolExists.c:(.text+0x1b): undefined reference to `pthread_create'
collect2: error: ld returned 1 exit status
CMakeFiles/cmTC_19e2a.dir/build.make:97: recipe for target 'cmTC_19e2a' failed
make[1]: *** [cmTC_19e2a] Error 1
make[1]: Leaving directory '/home/wbarnhart/gr-gmuground/build/CMakeFiles/CMakeTmp'
Makefile:126: recipe for target 'cmTC_19e2a/fast' failed
make: *** [cmTC_19e2a/fast] Error 2

File /home/wbarnhart/gr-gmuground/build/CMakeFiles/CMakeTmp/CheckSymbolExists.c:
/* */
#include <pthread.h>

int main(int argc, char** argv)
{
  (void)argv;
#ifndef pthread_create
  return ((int*)(&pthread_create))[argc];
#else
  (void)argc;
  return 0;
#endif
}

Determining if the function pthread_create exists in the pthreads failed with the following output:
Change Dir: /home/wbarnhart/gr-gmuground/build/CMakeFiles/CMakeTmp

Run Build Command:"/usr/bin/make" "cmTC_26e31/fast"
/usr/bin/make -f CMakeFiles/cmTC_26e31.dir/build.make CMakeFiles/cmTC_26e31.dir/build
make[1]: Entering directory '/home/wbarnhart/gr-gmuground/build/CMakeFiles/CMakeTmp'
Building C object CMakeFiles/cmTC_26e31.dir/CheckFunctionExists.c.o
/usr/bin/cc   -DCHECK_FUNCTION_EXISTS=pthread_create   -std=gnu11 -o CMakeFiles/cmTC_26e31.dir/CheckFunctionExists.c.o   -c /usr/share/cmake-3.10/Modules/CheckFunctionExists.c
Linking C executable cmTC_26e31
/usr/bin/cmake -E cmake_link_script CMakeFiles/cmTC_26e31.dir/link.txt --verbose=1
/usr/bin/cc  -DCHECK_FUNCTION_EXISTS=pthread_create    CMakeFiles/cmTC_26e31.dir/CheckFunctionExists.c.o  -o cmTC_26e31 -lpthreads 
/usr/bin/ld: cannot find -lpthreads
collect2: error: ld returned 1 exit status
CMakeFiles/cmTC_26e31.dir/build.make:97: recipe for target 'cmTC_26e31' failed
make[1]: *** [cmTC_26e31] Error 1
make[1]: Leaving directory '/home/wbarnhart/gr-gmuground/build/CMakeFiles/CMakeTmp'
Makefile:126: recipe for target 'cmTC_26e31/fast' failed
make: *** [cmTC_26e31/fast] Error 2


